This is pdfTeX, Version 3.141592653-2.6-1.40.22 (MiKTeX 21.3) (preloaded format=pdflatex 2021.5.12)  29 MAY 2021 08:42
entering extended mode
**f:/下载/typora-latex-theme-main/typora-latex-theme-main/Supplemental/input.tex
(f:/下载/typora-latex-theme-main/typora-latex-theme-main/Supplemental/input.tex
LaTeX2e <2020-10-01> patch level 4
L3 programming layer <2021-05-07> (D:\Program_Files\MiKTex\tex/latex/base\article.cls
Document Class: article 2020/04/10 v1.4m Standard LaTeX document class
(D:\Program_Files\MiKTex\tex/latex/base\size10.clo
File: size10.clo 2020/04/10 v1.4m Standard LaTeX file (size option)
)
\c@part=\count179
\c@section=\count180
\c@subsection=\count181
\c@subsubsection=\count182
\c@paragraph=\count183
\c@subparagraph=\count184
\c@figure=\count185
\c@table=\count186
\abovecaptionskip=\skip47
\belowcaptionskip=\skip48
\bibindent=\dimen138
) (D:\Program_Files\MiKTex\tex/latex/geometry\geometry.sty
Package: geometry 2020/01/02 v5.9 Page Geometry
 (D:\Program_Files\MiKTex\tex/latex/graphics\keyval.sty
Package: keyval 2014/10/28 v1.15 key=value parser (DPC)
\KV@toks@=\toks15
) (D:\Program_Files\MiKTex\tex/generic/iftex\ifvtex.sty
Package: ifvtex 2019/10/25 v1.7 ifvtex legacy package. Use iftex instead.
 (D:\Program_Files\MiKTex\tex/generic/iftex\iftex.sty
Package: iftex 2020/03/06 v1.0d TeX engine tests
))
\Gm@cnth=\count187
\Gm@cntv=\count188
\c@Gm@tempcnt=\count189
\Gm@bindingoffset=\dimen139
\Gm@wd@mp=\dimen140
\Gm@odd@mp=\dimen141
\Gm@even@mp=\dimen142
\Gm@layoutwidth=\dimen143
\Gm@layoutheight=\dimen144
\Gm@layouthoffset=\dimen145
\Gm@layoutvoffset=\dimen146
\Gm@dimlist=\toks16
 (D:\Program_Files\MiKTex\tex/latex/geometry\geometry.cfg)) (D:\Program_Files\MiKTex\tex/latex/ctex\ctex.sty (D:\Program_Files\MiKTex\tex/latex/l3kernel\expl3.sty
Package: expl3 2021-05-07 L3 programming layer (loader) 
 (D:\Program_Files\MiKTex\tex/latex/l3backend\l3backend-pdftex.def
File: l3backend-pdftex.def 2021-05-07 L3 backend support: PDF output (pdfTeX)
\l__color_backend_stack_int=\count190
\l__pdf_internal_box=\box47
))
Package: ctex 2021/03/14 v2.5.6 Chinese adapter in LaTeX (CTEX)
 (D:\Program_Files\MiKTex\tex/latex/l3packages/xparse\xparse.sty (D:\Program_Files\MiKTex\tex/latex/l3packages/xparse\xparse-2020-10-01.sty (D:\Program_Files\MiKTex\tex/latex/l3packages/xparse\xparse-generic.tex))) (D:\Program_Files\MiKTex\tex/latex/l3packages/l3keys2e\l3keys2e.sty
Package: l3keys2e 2021-05-07 LaTeX2e option processing using LaTeX3 keys
) (D:\Program_Files\MiKTex\tex/latex/ctex\ctexhook.sty
Package: ctexhook 2021/03/14 v2.5.6 Document and package hooks (CTEX)
) (D:\Program_Files\MiKTex\tex/latex/ctex\ctexpatch.sty
Package: ctexpatch 2021/03/14 v2.5.6 Patching commands (CTEX)
) (D:\Program_Files\MiKTex\tex/latex/base\fix-cm.sty
Package: fix-cm 2015/01/14 v1.1t fixes to LaTeX
 (D:\Program_Files\MiKTex\tex/latex/base\ts1enc.def
File: ts1enc.def 2001/06/05 v3.0e (jk/car/fm) Standard LaTeX file
LaTeX Font Info:    Redeclaring font encoding TS1 on input line 47.
)) (D:\Program_Files\MiKTex\tex/latex/everysel\everysel.sty
Package: everysel 2021/01/20 v2.1 EverySelectfont Package (MS)
 (D:\Program_Files\MiKTex\tex/latex/everysel\everysel-2011-10-28.sty))
\l__ctex_tmp_int=\count191
\l__ctex_tmp_box=\box48
\l__ctex_tmp_dim=\dimen147
\g__ctex_section_depth_int=\count192
\g__ctex_font_size_int=\count193
 (D:\Program_Files\MiKTex\tex/latex/ctex/config\ctexopts.cfg
File: ctexopts.cfg 2021/03/14 v2.5.6 Option configuration file (CTEX)
)

Package ctex Warning: UTF8 will be used as the default encoding.

(D:\Program_Files\MiKTex\tex/latex/ctex/engine\ctex-engine-pdftex.def
File: ctex-engine-pdftex.def 2021/03/14 v2.5.6 (pdf)LaTeX adapter (CTEX)
 (D:\Program_Files\MiKTex\tex/latex/cjk\CJKutf8.sty
Package: CJKutf8 2015/04/18 4.8.4
 (D:\Program_Files\MiKTex\tex/generic/iftex\ifpdf.sty
Package: ifpdf 2019/10/25 v3.4 ifpdf legacy package. Use iftex instead.
) (D:\Program_Files\MiKTex\tex/latex/base\inputenc.sty
Package: inputenc 2020/08/01 v1.3d Input encoding file
\inpenc@prehook=\toks17
\inpenc@posthook=\toks18
) (D:\Program_Files\MiKTex\tex/latex/cjk\CJK.sty
Package: CJK 2015/04/18 4.8.4
 (D:\Program_Files\MiKTex\tex/latex/cjk/mule\MULEenc.sty
Package: MULEenc 2015/04/18 4.8.4
) (D:\Program_Files\MiKTex\tex/latex/cjk\CJK.enc
File: CJK.enc 2015/04/18 4.8.4
Now handling font encoding C00 ...
... no UTF-8 mapping file for font encoding C00
Now handling font encoding C05 ...
... no UTF-8 mapping file for font encoding C05
Now handling font encoding C09 ...
... no UTF-8 mapping file for font encoding C09
Now handling font encoding C10 ...
... no UTF-8 mapping file for font encoding C10
Now handling font encoding C20 ...
... no UTF-8 mapping file for font encoding C20
Now handling font encoding C19 ...
... no UTF-8 mapping file for font encoding C19
Now handling font encoding C40 ...
... no UTF-8 mapping file for font encoding C40
Now handling font encoding C42 ...
... no UTF-8 mapping file for font encoding C42
Now handling font encoding C43 ...
... no UTF-8 mapping file for font encoding C43
Now handling font encoding C50 ...
... no UTF-8 mapping file for font encoding C50
Now handling font encoding C52 ...
... no UTF-8 mapping file for font encoding C52
Now handling font encoding C49 ...
... no UTF-8 mapping file for font encoding C49
Now handling font encoding C60 ...
... no UTF-8 mapping file for font encoding C60
Now handling font encoding C61 ...
... no UTF-8 mapping file for font encoding C61
Now handling font encoding C63 ...
... no UTF-8 mapping file for font encoding C63
Now handling font encoding C64 ...
... no UTF-8 mapping file for font encoding C64
Now handling font encoding C65 ...
... no UTF-8 mapping file for font encoding C65
Now handling font encoding C70 ...
... no UTF-8 mapping file for font encoding C70
Now handling font encoding C31 ...
... no UTF-8 mapping file for font encoding C31
Now handling font encoding C32 ...
... no UTF-8 mapping file for font encoding C32
Now handling font encoding C33 ...
... no UTF-8 mapping file for font encoding C33
Now handling font encoding C34 ...
... no UTF-8 mapping file for font encoding C34
Now handling font encoding C35 ...
... no UTF-8 mapping file for font encoding C35
Now handling font encoding C36 ...
... no UTF-8 mapping file for font encoding C36
Now handling font encoding C37 ...
... no UTF-8 mapping file for font encoding C37
Now handling font encoding C80 ...
... no UTF-8 mapping file for font encoding C80
Now handling font encoding C81 ...
... no UTF-8 mapping file for font encoding C81
Now handling font encoding C01 ...
... no UTF-8 mapping file for font encoding C01
Now handling font encoding C11 ...
... no UTF-8 mapping file for font encoding C11
Now handling font encoding C21 ...
... no UTF-8 mapping file for font encoding C21
Now handling font encoding C41 ...
... no UTF-8 mapping file for font encoding C41
Now handling font encoding C62 ...
... no UTF-8 mapping file for font encoding C62
)
LaTeX Info: Redefining \selectfont on input line 755.
\CJK@indent=\box49
) (D:\Program_Files\MiKTex\tex/latex/base\fontenc.sty
Package: fontenc 2020/08/10 v2.0s Standard LaTeX package
)) (D:\Program_Files\MiKTex\tex/latex/cjkpunct\CJKpunct.sty
Package: CJKpunct 2016/05/14 4.8.4
\CJKpunct@cnta=\count194
\CJKpunct@cntb=\count195
\CJKpunct@cntc=\count196
\CJKpunct@cntd=\count197
\CJKpunct@cnte=\count198
   defining Unicode char U+2018 (decimal 8216)
   defining Unicode char U+2019 (decimal 8217)
   defining Unicode char U+201C (decimal 8220)
   defining Unicode char U+201D (decimal 8221)
   defining Unicode char U+2014 (decimal 8212)
   defining Unicode char U+2026 (decimal 8230)
 (D:\Program_Files\MiKTex\tex/latex/cjkpunct\CJKpunct.spa)) (D:\Program_Files\MiKTex\tex/latex/cjk\CJKspace.sty
Package: CJKspace 2015/04/18 3.8.0
) (D:\Program_Files\MiKTex\tex/latex/ctex\ctexspa.def
File: ctexspa.def 2021/03/14 v2.5.6 Space info for CJKpunct (CTEX)
)
\ccwd=\dimen148
\l__ctex_ccglue_skip=\skip49
)
\l__ctex_ziju_dim=\dimen149
 (D:\Program_Files\MiKTex\tex/latex/zhnumber\zhnumber.sty
Package: zhnumber 2020/05/01 v2.8 Typesetting numbers with Chinese glyphs
\l__zhnum_scale_int=\count199
\l__zhnum_byte_min_int=\count266
\l__zhnum_byte_max_int=\count267
 (D:\Program_Files\MiKTex\tex/latex/zhnumber\zhnumber-utf8.cfg
File: zhnumber-utf8.cfg 2020/05/01 v2.8 Chinese numerals with UTF8 encoding
)) (D:\Program_Files\MiKTex\tex/latex/ctex/scheme\ctex-scheme-chinese.def
File: ctex-scheme-chinese.def 2021/03/14 v2.5.6 Chinese scheme for generic (CTEX)
 (D:\Program_Files\MiKTex\tex/latex/ctex/config\ctex-name-utf8.cfg
File: ctex-name-utf8.cfg 2021/03/14 v2.5.6 Caption with encoding UTF-8 (CTEX)
)) (D:\Program_Files\MiKTex\tex/latex/latex-tools\indentfirst.sty
Package: indentfirst 1995/11/23 v1.03 Indent first paragraph (DPC)
) (D:\Program_Files\MiKTex\tex/latex/ctex\ctex-c5size.clo
File: ctex-c5size.clo 2021/03/14 v2.5.6 c5size option (CTEX)
) (D:\Program_Files\MiKTex\tex/latex/ctex/fontset\ctex-fontset-windows.def
File: ctex-fontset-windows.def 2021/03/14 v2.5.6 Windows fonts definition (CTEX)
)) (D:\Program_Files\MiKTex\tex/latex/ctex/config\ctex.cfg
File: ctex.cfg 2021/03/14 v2.5.6 Configuration file (CTEX)
) (D:\Program_Files\MiKTex\tex/latex/lipsum\lipsum.sty
Package: lipsum 2021-03-03 v2.3 150 paragraphs of Lorem Ipsum dummy text
 (D:\Program_Files\MiKTex\tex/latex/lipsum\lipsum.ltd.tex
File: lipsum.ltd.tex 2021-03-03 v2.3 The Lorem ipsum dummy text
)) (D:\Program_Files\MiKTex\tex/latex/cjk/UTF8\UTF8.bdg
File: UTF8.bdg 2015/04/18 4.8.4
) (D:\Program_Files\MiKTex\tex/latex/cjk/UTF8\UTF8.enc
File: UTF8.enc 2015/04/18 4.8.4
) (D:\Program_Files\MiKTex\tex/latex/cjk/UTF8\UTF8.chr
File: UTF8.chr 2015/04/18 4.8.4
) (input.aux)
\openout1 = `input.aux'.

LaTeX Font Info:    Checking defaults for OML/cmm/m/it on input line 8.
LaTeX Font Info:    ... okay on input line 8.
LaTeX Font Info:    Checking defaults for OMS/cmsy/m/n on input line 8.
LaTeX Font Info:    ... okay on input line 8.
LaTeX Font Info:    Checking defaults for OT1/cmr/m/n on input line 8.
LaTeX Font Info:    ... okay on input line 8.
LaTeX Font Info:    Checking defaults for T1/cmr/m/n on input line 8.
LaTeX Font Info:    ... okay on input line 8.
LaTeX Font Info:    Checking defaults for TS1/cmr/m/n on input line 8.
LaTeX Font Info:    ... okay on input line 8.
LaTeX Font Info:    Checking defaults for OMX/cmex/m/n on input line 8.
LaTeX Font Info:    ... okay on input line 8.
LaTeX Font Info:    Checking defaults for U/cmr/m/n on input line 8.
LaTeX Font Info:    ... okay on input line 8.
LaTeX Font Info:    Checking defaults for C00/song/m/n on input line 8.
LaTeX Font Info:    ... okay on input line 8.
LaTeX Font Info:    Checking defaults for C05/song/m/n on input line 8.
LaTeX Font Info:    ... okay on input line 8.
LaTeX Font Info:    Checking defaults for C09/song/m/n on input line 8.
LaTeX Font Info:    ... okay on input line 8.
LaTeX Font Info:    Checking defaults for C10/song/m/n on input line 8.
LaTeX Font Info:    ... okay on input line 8.
LaTeX Font Info:    Checking defaults for C20/song/m/n on input line 8.
LaTeX Font Info:    ... okay on input line 8.
LaTeX Font Info:    Checking defaults for C19/song/m/n on input line 8.
LaTeX Font Info:    ... okay on input line 8.
LaTeX Font Info:    Checking defaults for C40/song/m/n on input line 8.
LaTeX Font Info:    ... okay on input line 8.
LaTeX Font Info:    Checking defaults for C42/song/m/n on input line 8.
LaTeX Font Info:    ... okay on input line 8.
LaTeX Font Info:    Checking defaults for C43/song/m/n on input line 8.
LaTeX Font Info:    ... okay on input line 8.
LaTeX Font Info:    Checking defaults for C50/song/m/n on input line 8.
LaTeX Font Info:    ... okay on input line 8.
LaTeX Font Info:    Checking defaults for C52/song/m/n on input line 8.
LaTeX Font Info:    ... okay on input line 8.
LaTeX Font Info:    Checking defaults for C49/song/m/n on input line 8.
LaTeX Font Info:    ... okay on input line 8.
LaTeX Font Info:    Checking defaults for C60/mj/m/n on input line 8.
LaTeX Font Info:    ... okay on input line 8.
LaTeX Font Info:    Checking defaults for C61/mj/m/n on input line 8.
LaTeX Font Info:    ... okay on input line 8.
LaTeX Font Info:    Checking defaults for C63/mj/m/n on input line 8.
LaTeX Font Info:    ... okay on input line 8.
LaTeX Font Info:    Checking defaults for C64/mj/m/n on input line 8.
LaTeX Font Info:    ... okay on input line 8.
LaTeX Font Info:    Checking defaults for C65/mj/m/n on input line 8.
LaTeX Font Info:    ... okay on input line 8.
LaTeX Font Info:    Checking defaults for C70/song/m/n on input line 8.
LaTeX Font Info:    ... okay on input line 8.
LaTeX Font Info:    Checking defaults for C31/song/m/n on input line 8.
LaTeX Font Info:    ... okay on input line 8.
LaTeX Font Info:    Checking defaults for C32/song/m/n on input line 8.
LaTeX Font Info:    ... okay on input line 8.
LaTeX Font Info:    Checking defaults for C33/song/m/n on input line 8.
LaTeX Font Info:    ... okay on input line 8.
LaTeX Font Info:    Checking defaults for C34/song/m/n on input line 8.
LaTeX Font Info:    ... okay on input line 8.
LaTeX Font Info:    Checking defaults for C35/song/m/n on input line 8.
LaTeX Font Info:    ... okay on input line 8.
LaTeX Font Info:    Checking defaults for C36/song/m/n on input line 8.
LaTeX Font Info:    ... okay on input line 8.
LaTeX Font Info:    Checking defaults for C37/song/m/n on input line 8.
LaTeX Font Info:    ... okay on input line 8.
LaTeX Font Info:    Checking defaults for C80/song/m/n on input line 8.
LaTeX Font Info:    ... okay on input line 8.
LaTeX Font Info:    Checking defaults for C81/song/m/n on input line 8.
LaTeX Font Info:    ... okay on input line 8.
LaTeX Font Info:    Checking defaults for C01/song/m/n on input line 8.
LaTeX Font Info:    ... okay on input line 8.
LaTeX Font Info:    Checking defaults for C11/song/m/n on input line 8.
LaTeX Font Info:    ... okay on input line 8.
LaTeX Font Info:    Checking defaults for C21/song/m/n on input line 8.
LaTeX Font Info:    ... okay on input line 8.
LaTeX Font Info:    Checking defaults for C41/song/m/n on input line 8.
LaTeX Font Info:    ... okay on input line 8.
LaTeX Font Info:    Checking defaults for C62/song/m/n on input line 8.
LaTeX Font Info:    ... okay on input line 8.

*geometry* driver: auto-detecting
*geometry* detected driver: pdftex
*geometry* verbose mode - [ preamble ] result:
* driver: pdftex
* paper: a4paper
* layout: <same size as paper>
* layoutoffset:(h,v)=(0.0pt,0.0pt)
* modes: 
* h-part:(L,W,R)=(72.26999pt, 452.9679pt, 72.26999pt)
* v-part:(T,H,B)=(72.26999pt, 700.50687pt, 72.26999pt)
* \paperwidth=597.50787pt
* \paperheight=845.04684pt
* \textwidth=452.9679pt
* \textheight=700.50687pt
* \oddsidemargin=0.0pt
* \evensidemargin=0.0pt
* \topmargin=-37.0pt
* \headheight=12.0pt
* \headsep=25.0pt
* \topskip=10.0pt
* \footskip=30.0pt
* \marginparwidth=57.0pt
* \marginparsep=11.0pt
* \columnsep=10.0pt
* \skip\footins=9.0pt plus 4.0pt minus 2.0pt
* \hoffset=0.0pt
* \voffset=0.0pt
* \mag=1000
* \@twocolumnfalse
* \@twosidefalse
* \@mparswitchfalse
* \@reversemarginfalse
* (1in=72.27pt=25.4mm, 1cm=28.453pt)

ABD: EverySelectfont initializing macros
LaTeX Info: Redefining \selectfont on input line 8.
LaTeX Font Info:    External font `cmex10' loaded for size
(Font)              <12.045> on input line 9.
LaTeX Font Info:    External font `cmex10' loaded for size
(Font)              <8> on input line 9.
LaTeX Font Info:    External font `cmex10' loaded for size
(Font)              <6> on input line 9.
LaTeX Font Info:    Trying to load font information for C70+rm on input line 10.
 (D:\Program_Files\MiKTex\tex/latex/ctex/fd\c70rm.fd
File: c70rm.fd 2021/03/14 v2.5.6 Chinese font definition (CTEX)
) (input.toc)
\tf@toc=\write3
\openout3 = `input.toc'.

Package CJKpunct Info: use punctuation spaces for family 'rm' with punctstyle (quanjiao) on input line 15.
 (D:\Program_Files\MiKTex\tex/generic/ctex/zhmap\ctex-zhmap-windows.tex
File: ctex-zhmap-windows.tex 2021/03/14 v2.5.6 Windows font map loader for pdfTeX and DVIPDFMx (CTEX)
{C:/Users/Achuan/AppData/Local/MiKTeX/pdftex/config/pdftex.map}{UGBK.sfd}{Unicode.sfd}) [1

] (input.aux) ) 
Here is how much of TeX's memory you used:
 4581 strings out of 479173
 85093 string characters out of 2864118
 632599 words of memory out of 3000000
 22054 multiletter control sequences out of 15000+600000
 411315 words of font info for 54 fonts, out of 8000000 for 9000
 1141 hyphenation exceptions out of 8191
 75i,6n,78p,563b,257s stack positions out of 5000i,500n,10000p,200000b,80000s
<C:/WINDOWS/Fonts/simsun.ttc><C:/WINDOWS/Fonts/simsun.ttc><C:/WINDOWS/Fonts/simsun.ttc><C:/WINDOWS/Fonts/simsun.ttc><C:/WINDOWS/Fonts/simsun.ttc><C:/WINDOWS/Fonts/simhei.ttf><C:/WINDOWS/Fonts/simhei.ttf><C:/WINDOWS/Fonts/simhei.ttf><C:/WINDOWS/Fonts/simhei.ttf><D:/Program_Files/MiKTex/fonts/type1/public/amsfonts/cm/cmbx10.pfb><D:/Program_Files/MiKTex/fonts/type1/public/amsfonts/cm/cmbx12.pfb><D:/Program_Files/MiKTex/fonts/type1/public/amsfonts/cm/cmr10.pfb><D:/Program_Files/MiKTex/fonts/type1/public/amsfonts/cm/cmr12.pfb><D:/Program_Files/MiKTex/fonts/type1/public/amsfonts/cm/cmr17.pfb><D:/Program_Files/MiKTex/fonts/type1/public/amsfonts/cm/cmr9.pfb>
Output written on input.pdf (1 page, 102562 bytes).
PDF statistics:
 75 PDF objects out of 1000 (max. 8388607)
 0 named destinations out of 1000 (max. 500000)
 37 words of extra memory for PDF output out of 10000 (max. 10000000)

